app/build/intermediates/manifest_merge_blame_file/debug/manifest-merger-blame-debug-report.txt
1<?xml version="1.0" encoding="utf-8"?>
2<manifest xmlns:android="http://schemas.android.com/apk/res/android"
3    package="com.anisDev.videomeeting"
4    android:versionCode="1"
5    android:versionName="1.0" >
6
7    <uses-sdk
8        android:minSdkVersion="21"
8-->src/main/AndroidManifest.xml
9        android:targetSdkVersion="30" />
9-->src/main/AndroidManifest.xml
10
11    <uses-permission android:name="android.permission.INTERNET" />
11-->src/main/AndroidManifest.xml:6:5-67
11-->src/main/AndroidManifest.xml:6:22-64
12
13    <!-- XXX ACCESS_NETWORK_STATE is required by WebRTC. -->
14    <uses-permission android:name="android.permission.ACCESS_NETWORK_STATE" />
14-->[org.jitsi.react:jitsi-meet-sdk:2.8.2] AndroidManifest.xml:9:5-79
14-->[org.jitsi.react:jitsi-meet-sdk:2.8.2] AndroidManifest.xml:9:22-76
15    <uses-permission android:name="android.permission.BLUETOOTH" />
15-->[org.jitsi.react:jitsi-meet-sdk:2.8.2] AndroidManifest.xml:10:5-68
15-->[org.jitsi.react:jitsi-meet-sdk:2.8.2] AndroidManifest.xml:10:22-65
16    <uses-permission android:name="android.permission.CAMERA" />
16-->[org.jitsi.react:jitsi-meet-sdk:2.8.2] AndroidManifest.xml:11:5-65
16-->[org.jitsi.react:jitsi-meet-sdk:2.8.2] AndroidManifest.xml:11:22-62
17    <uses-permission android:name="android.permission.MANAGE_OWN_CALLS" />
17-->[org.jitsi.react:jitsi-meet-sdk:2.8.2] AndroidManifest.xml:13:5-75
17-->[org.jitsi.react:jitsi-meet-sdk:2.8.2] AndroidManifest.xml:13:22-72
18    <uses-permission android:name="android.permission.MODIFY_AUDIO_SETTINGS" />
18-->[org.jitsi.react:jitsi-meet-sdk:2.8.2] AndroidManifest.xml:14:5-80
18-->[org.jitsi.react:jitsi-meet-sdk:2.8.2] AndroidManifest.xml:14:22-77
19    <uses-permission android:name="android.permission.RECORD_AUDIO" />
19-->[org.jitsi.react:jitsi-meet-sdk:2.8.2] AndroidManifest.xml:15:5-71
19-->[org.jitsi.react:jitsi-meet-sdk:2.8.2] AndroidManifest.xml:15:22-68
20    <uses-permission android:name="android.permission.SYSTEM_ALERT_WINDOW" />
20-->[org.jitsi.react:jitsi-meet-sdk:2.8.2] AndroidManifest.xml:16:5-78
20-->[org.jitsi.react:jitsi-meet-sdk:2.8.2] AndroidManifest.xml:16:22-75
21    <uses-permission android:name="android.permission.WAKE_LOCK" />
21-->[org.jitsi.react:jitsi-meet-sdk:2.8.2] AndroidManifest.xml:17:5-68
21-->[org.jitsi.react:jitsi-meet-sdk:2.8.2] AndroidManifest.xml:17:22-65
22    <uses-permission android:name="android.permission.ACCESS_WIFI_STATE" />
22-->[org.jitsi.react:jitsi-meet-sdk:2.8.2] AndroidManifest.xml:18:5-76
22-->[org.jitsi.react:jitsi-meet-sdk:2.8.2] AndroidManifest.xml:18:22-73
23    <uses-permission android:name="android.permission.FOREGROUND_SERVICE" />
23-->[org.jitsi.react:jitsi-meet-sdk:2.8.2] AndroidManifest.xml:19:5-77
23-->[org.jitsi.react:jitsi-meet-sdk:2.8.2] AndroidManifest.xml:19:22-74
24
25    <uses-feature
25-->[org.jitsi.react:jitsi-meet-sdk:2.8.2] AndroidManifest.xml:21:5-23:35
26        android:glEsVersion="0x00020000"
26-->[org.jitsi.react:jitsi-meet-sdk:2.8.2] AndroidManifest.xml:22:9-41
27        android:required="true" />
27-->[org.jitsi.react:jitsi-meet-sdk:2.8.2] AndroidManifest.xml:23:9-32
28    <uses-feature
28-->[org.jitsi.react:jitsi-meet-sdk:2.8.2] AndroidManifest.xml:24:5-26:36
29        android:name="android.hardware.camera"
29-->[org.jitsi.react:jitsi-meet-sdk:2.8.2] AndroidManifest.xml:25:9-47
30        android:required="false" />
30-->[org.jitsi.react:jitsi-meet-sdk:2.8.2] AndroidManifest.xml:26:9-33
31    <uses-feature
31-->[org.jitsi.react:jitsi-meet-sdk:2.8.2] AndroidManifest.xml:27:5-29:36
32        android:name="android.hardware.camera.autofocus"
32-->[org.jitsi.react:jitsi-meet-sdk:2.8.2] AndroidManifest.xml:28:9-57
33        android:required="false" />
33-->[org.jitsi.react:jitsi-meet-sdk:2.8.2] AndroidManifest.xml:29:9-33
34
35    <uses-permission android:name="android.permission.WRITE_CALENDAR" />
35-->[com.facebook.react:react-native-calendar-events:1.7.3-jitsi-4187680] AndroidManifest.xml:11:5-73
35-->[com.facebook.react:react-native-calendar-events:1.7.3-jitsi-4187680] AndroidManifest.xml:11:22-70
36    <uses-permission android:name="android.permission.READ_CALENDAR" /> <!-- Required by older versions of Google Play services to create IID tokens -->
36-->[com.facebook.react:react-native-calendar-events:1.7.3-jitsi-4187680] AndroidManifest.xml:12:5-72
36-->[com.facebook.react:react-native-calendar-events:1.7.3-jitsi-4187680] AndroidManifest.xml:12:22-69
37    <uses-permission android:name="com.google.android.c2dm.permission.RECEIVE" />
37-->[com.google.firebase:firebase-iid:20.3.0] AndroidManifest.xml:26:5-82
37-->[com.google.firebase:firebase-iid:20.3.0] AndroidManifest.xml:26:22-79
38
39    <application
39-->src/main/AndroidManifest.xml:8:5-46:19
40        android:allowBackup="true"
40-->src/main/AndroidManifest.xml:9:9-35
41        android:appComponentFactory="androidx.core.app.CoreComponentFactory"
41-->[androidx.core:core:1.3.1] AndroidManifest.xml:24:18-86
42        android:debuggable="true"
43        android:icon="@mipmap/ic_launcher"
43-->src/main/AndroidManifest.xml:10:9-43
44        android:label="@string/app_name"
44-->src/main/AndroidManifest.xml:11:9-41
45        android:roundIcon="@mipmap/ic_launcher_round"
45-->src/main/AndroidManifest.xml:12:9-54
46        android:supportsRtl="true"
46-->src/main/AndroidManifest.xml:13:9-35
47        android:testOnly="true"
48        android:theme="@style/AppTheme"
48-->src/main/AndroidManifest.xml:14:9-40
49        android:usesCleartextTraffic="true" >
49-->src/main/AndroidManifest.xml:15:9-44
50        <activity
50-->src/main/AndroidManifest.xml:17:9-18:51
51            android:name="com.anisDev.videomeeting.activities.OutgoingInvitationActivity"
51-->src/main/AndroidManifest.xml:17:19-72
52            android:screenOrientation="portrait" />
52-->src/main/AndroidManifest.xml:18:13-49
53        <activity
53-->src/main/AndroidManifest.xml:19:9-20:51
54            android:name="com.anisDev.videomeeting.activities.IncomingInvitationActivity"
54-->src/main/AndroidManifest.xml:19:19-72
55            android:screenOrientation="portrait" />
55-->src/main/AndroidManifest.xml:20:13-49
56        <activity
56-->src/main/AndroidManifest.xml:21:9-30:20
57            android:name="com.anisDev.videomeeting.activities.SignInActivity"
57-->src/main/AndroidManifest.xml:22:13-54
58            android:screenOrientation="portrait"
58-->src/main/AndroidManifest.xml:23:13-49
59            android:windowSoftInputMode="adjustResize" >
59-->src/main/AndroidManifest.xml:24:13-55
60            <intent-filter>
60-->src/main/AndroidManifest.xml:25:13-29:29
61                <action android:name="android.intent.action.MAIN" />
61-->src/main/AndroidManifest.xml:26:17-69
61-->src/main/AndroidManifest.xml:26:25-66
62
63                <category android:name="android.intent.category.LAUNCHER" />
63-->src/main/AndroidManifest.xml:28:17-77
63-->src/main/AndroidManifest.xml:28:27-74
64            </intent-filter>
65        </activity>
66        <activity
66-->src/main/AndroidManifest.xml:31:9-34:58
67            android:name="com.anisDev.videomeeting.activities.SignUpActivity"
67-->src/main/AndroidManifest.xml:32:13-54
68            android:screenOrientation="portrait"
68-->src/main/AndroidManifest.xml:33:13-49
69            android:windowSoftInputMode="adjustResize" />
69-->src/main/AndroidManifest.xml:34:13-55
70        <activity
70-->src/main/AndroidManifest.xml:35:9-37:52
71            android:name="com.anisDev.videomeeting.activities.MainActivity"
71-->src/main/AndroidManifest.xml:36:13-52
72            android:screenOrientation="portrait" />
72-->src/main/AndroidManifest.xml:37:13-49
73
74        <service
74-->src/main/AndroidManifest.xml:39:9-45:19
75            android:name="com.anisDev.videomeeting.firebase.MessagingService"
75-->src/main/AndroidManifest.xml:40:13-54
76            android:exported="false" >
76-->src/main/AndroidManifest.xml:41:13-37
77            <intent-filter>
77-->src/main/AndroidManifest.xml:42:13-44:29
78                <action android:name="com.google.firebase.MESSAGING_EVENT" />
78-->src/main/AndroidManifest.xml:43:17-78
78-->src/main/AndroidManifest.xml:43:25-75
79            </intent-filter>
80        </service>
81
82        <activity
82-->[org.jitsi.react:jitsi-meet-sdk:2.8.2] AndroidManifest.xml:35:9-42:20
83            android:name="org.jitsi.meet.sdk.JitsiMeetActivity"
83-->[org.jitsi.react:jitsi-meet-sdk:2.8.2] AndroidManifest.xml:36:13-64
84            android:configChanges="keyboard|keyboardHidden|orientation|screenLayout|screenSize|smallestScreenSize"
84-->[org.jitsi.react:jitsi-meet-sdk:2.8.2] AndroidManifest.xml:37:13-115
85            android:launchMode="singleTask"
85-->[org.jitsi.react:jitsi-meet-sdk:2.8.2] AndroidManifest.xml:38:13-44
86            android:resizeableActivity="true"
86-->[org.jitsi.react:jitsi-meet-sdk:2.8.2] AndroidManifest.xml:39:13-46
87            android:supportsPictureInPicture="true"
87-->[org.jitsi.react:jitsi-meet-sdk:2.8.2] AndroidManifest.xml:40:13-52
88            android:windowSoftInputMode="adjustResize" >
88-->[org.jitsi.react:jitsi-meet-sdk:2.8.2] AndroidManifest.xml:41:13-55
89        </activity>
90        <activity android:name="com.facebook.react.devsupport.DevSettingsActivity" />
90-->[org.jitsi.react:jitsi-meet-sdk:2.8.2] AndroidManifest.xml:43:9-86
90-->[org.jitsi.react:jitsi-meet-sdk:2.8.2] AndroidManifest.xml:43:19-83
91
92        <service
92-->[org.jitsi.react:jitsi-meet-sdk:2.8.2] AndroidManifest.xml:45:9-51:19
93            android:name="org.jitsi.meet.sdk.ConnectionService"
93-->[org.jitsi.react:jitsi-meet-sdk:2.8.2] AndroidManifest.xml:46:13-64
94            android:permission="android.permission.BIND_TELECOM_CONNECTION_SERVICE" >
94-->[org.jitsi.react:jitsi-meet-sdk:2.8.2] AndroidManifest.xml:47:13-84
95            <intent-filter>
95-->[org.jitsi.react:jitsi-meet-sdk:2.8.2] AndroidManifest.xml:48:13-50:29
96                <action android:name="android.telecom.ConnectionService" />
96-->[org.jitsi.react:jitsi-meet-sdk:2.8.2] AndroidManifest.xml:49:17-76
96-->[org.jitsi.react:jitsi-meet-sdk:2.8.2] AndroidManifest.xml:49:25-73
97            </intent-filter>
98        </service>
99        <service android:name="org.jitsi.meet.sdk.JitsiMeetOngoingConferenceService" />
99-->[org.jitsi.react:jitsi-meet-sdk:2.8.2] AndroidManifest.xml:52:9-88
99-->[org.jitsi.react:jitsi-meet-sdk:2.8.2] AndroidManifest.xml:52:18-85
100
101        <provider
101-->[com.facebook.react:react-native-webview:7.4.1-jitsi-4187680] AndroidManifest.xml:12:9-20:20
102            android:name="com.reactnativecommunity.webview.RNCWebViewFileProvider"
102-->[com.facebook.react:react-native-webview:7.4.1-jitsi-4187680] AndroidManifest.xml:13:13-83
103            android:authorities="com.anisDev.videomeeting.fileprovider"
103-->[com.facebook.react:react-native-webview:7.4.1-jitsi-4187680] AndroidManifest.xml:14:13-64
104            android:exported="false"
104-->[com.facebook.react:react-native-webview:7.4.1-jitsi-4187680] AndroidManifest.xml:15:13-37
105            android:grantUriPermissions="true" >
105-->[com.facebook.react:react-native-webview:7.4.1-jitsi-4187680] AndroidManifest.xml:16:13-47
106            <meta-data
106-->[com.facebook.react:react-native-webview:7.4.1-jitsi-4187680] AndroidManifest.xml:17:13-19:63
107                android:name="android.support.FILE_PROVIDER_PATHS"
107-->[com.facebook.react:react-native-webview:7.4.1-jitsi-4187680] AndroidManifest.xml:18:17-67
108                android:resource="@xml/file_provider_paths" />
108-->[com.facebook.react:react-native-webview:7.4.1-jitsi-4187680] AndroidManifest.xml:19:17-60
109        </provider>
110        <!--
111             FirebaseMessagingService performs security checks at runtime,
112             but set to not exported to explicitly avoid allowing another app to call it.
113        -->
114        <service
114-->[com.google.firebase:firebase-messaging:20.3.0] AndroidManifest.xml:28:9-35:19
115            android:name="com.google.firebase.messaging.FirebaseMessagingService"
115-->[com.google.firebase:firebase-messaging:20.3.0] AndroidManifest.xml:29:13-82
116            android:directBootAware="true"
116-->[com.google.firebase:firebase-messaging:20.3.0] AndroidManifest.xml:30:13-43
117            android:exported="false" >
117-->[com.google.firebase:firebase-messaging:20.3.0] AndroidManifest.xml:31:13-37
118            <intent-filter android:priority="-500" >
118-->src/main/AndroidManifest.xml:42:13-44:29
119                <action android:name="com.google.firebase.MESSAGING_EVENT" />
119-->src/main/AndroidManifest.xml:43:17-78
119-->src/main/AndroidManifest.xml:43:25-75
120            </intent-filter>
121        </service>
122        <service
122-->[com.google.firebase:firebase-messaging:20.3.0] AndroidManifest.xml:36:9-42:19
123            android:name="com.google.firebase.components.ComponentDiscoveryService"
123-->[com.google.firebase:firebase-messaging:20.3.0] AndroidManifest.xml:37:13-84
124            android:directBootAware="true"
124-->[com.google.firebase:firebase-common:19.3.1] AndroidManifest.xml:35:13-43
125            android:exported="false" >
125-->[com.google.firebase:firebase-messaging:20.3.0] AndroidManifest.xml:38:13-37
126            <meta-data
126-->[com.google.firebase:firebase-messaging:20.3.0] AndroidManifest.xml:39:13-41:85
127                android:name="com.google.firebase.components:com.google.firebase.messaging.FirebaseMessagingRegistrar"
127-->[com.google.firebase:firebase-messaging:20.3.0] AndroidManifest.xml:40:17-119
128                android:value="com.google.firebase.components.ComponentRegistrar" />
128-->[com.google.firebase:firebase-messaging:20.3.0] AndroidManifest.xml:41:17-82
129            <meta-data
129-->[com.google.firebase:firebase-firestore:21.7.1] AndroidManifest.xml:20:13-22:85
130                android:name="com.google.firebase.components:com.google.firebase.firestore.FirestoreRegistrar"
130-->[com.google.firebase:firebase-firestore:21.7.1] AndroidManifest.xml:21:17-111
131                android:value="com.google.firebase.components.ComponentRegistrar" />
131-->[com.google.firebase:firebase-firestore:21.7.1] AndroidManifest.xml:22:17-82
132            <meta-data
132-->[com.google.firebase:firebase-iid:20.3.0] AndroidManifest.xml:32:13-34:85
133                android:name="com.google.firebase.components:com.google.firebase.iid.Registrar"
133-->[com.google.firebase:firebase-iid:20.3.0] AndroidManifest.xml:33:17-96
134                android:value="com.google.firebase.components.ComponentRegistrar" />
134-->[com.google.firebase:firebase-iid:20.3.0] AndroidManifest.xml:34:17-82
135            <meta-data
135-->[com.google.firebase:firebase-installations:16.3.3] AndroidManifest.xml:17:13-19:85
136                android:name="com.google.firebase.components:com.google.firebase.installations.FirebaseInstallationsRegistrar"
136-->[com.google.firebase:firebase-installations:16.3.3] AndroidManifest.xml:18:17-127
137                android:value="com.google.firebase.components.ComponentRegistrar" />
137-->[com.google.firebase:firebase-installations:16.3.3] AndroidManifest.xml:19:17-82
138            <meta-data
138-->[com.google.firebase:firebase-datatransport:17.0.3] AndroidManifest.xml:28:13-30:85
139                android:name="com.google.firebase.components:com.google.firebase.datatransport.TransportRegistrar"
139-->[com.google.firebase:firebase-datatransport:17.0.3] AndroidManifest.xml:29:17-115
140                android:value="com.google.firebase.components.ComponentRegistrar" />
140-->[com.google.firebase:firebase-datatransport:17.0.3] AndroidManifest.xml:30:17-82
141        </service>
142
143        <receiver
143-->[com.google.firebase:firebase-iid:20.3.0] AndroidManifest.xml:37:9-44:20
144            android:name="com.google.firebase.iid.FirebaseInstanceIdReceiver"
144-->[com.google.firebase:firebase-iid:20.3.0] AndroidManifest.xml:38:13-78
145            android:exported="true"
145-->[com.google.firebase:firebase-iid:20.3.0] AndroidManifest.xml:39:13-36
146            android:permission="com.google.android.c2dm.permission.SEND" >
146-->[com.google.firebase:firebase-iid:20.3.0] AndroidManifest.xml:40:13-73
147            <intent-filter>
147-->[com.google.firebase:firebase-iid:20.3.0] AndroidManifest.xml:41:13-43:29
148                <action android:name="com.google.android.c2dm.intent.RECEIVE" />
148-->[com.google.firebase:firebase-iid:20.3.0] AndroidManifest.xml:42:17-81
148-->[com.google.firebase:firebase-iid:20.3.0] AndroidManifest.xml:42:25-78
149            </intent-filter>
150        </receiver>
151
152        <provider
152-->[com.google.firebase:firebase-common:19.3.1] AndroidManifest.xml:26:9-31:39
153            android:name="com.google.firebase.provider.FirebaseInitProvider"
153-->[com.google.firebase:firebase-common:19.3.1] AndroidManifest.xml:27:13-77
154            android:authorities="com.anisDev.videomeeting.firebaseinitprovider"
154-->[com.google.firebase:firebase-common:19.3.1] AndroidManifest.xml:28:13-72
155            android:directBootAware="true"
155-->[com.google.firebase:firebase-common:19.3.1] AndroidManifest.xml:29:13-43
156            android:exported="false"
156-->[com.google.firebase:firebase-common:19.3.1] AndroidManifest.xml:30:13-37
157            android:initOrder="100" />
157-->[com.google.firebase:firebase-common:19.3.1] AndroidManifest.xml:31:13-36
158
159        <activity
159-->[com.google.android.gms:play-services-auth:17.0.0] AndroidManifest.xml:23:9-27:75
160            android:name="com.google.android.gms.auth.api.signin.internal.SignInHubActivity"
160-->[com.google.android.gms:play-services-auth:17.0.0] AndroidManifest.xml:24:13-93
161            android:excludeFromRecents="true"
161-->[com.google.android.gms:play-services-auth:17.0.0] AndroidManifest.xml:25:13-46
162            android:exported="false"
162-->[com.google.android.gms:play-services-auth:17.0.0] AndroidManifest.xml:26:13-37
163            android:theme="@android:style/Theme.Translucent.NoTitleBar" />
163-->[com.google.android.gms:play-services-auth:17.0.0] AndroidManifest.xml:27:13-72
164        <!--
165            Service handling Google Sign-In user revocation. For apps that do not integrate with
166            Google Sign-In, this service will never be started.
167        -->
168        <service
168-->[com.google.android.gms:play-services-auth:17.0.0] AndroidManifest.xml:33:9-36:110
169            android:name="com.google.android.gms.auth.api.signin.RevocationBoundService"
169-->[com.google.android.gms:play-services-auth:17.0.0] AndroidManifest.xml:34:13-89
170            android:exported="true"
170-->[com.google.android.gms:play-services-auth:17.0.0] AndroidManifest.xml:35:13-36
171            android:permission="com.google.android.gms.auth.api.signin.permission.REVOCATION_NOTIFICATION" />
171-->[com.google.android.gms:play-services-auth:17.0.0] AndroidManifest.xml:36:13-107
172
173        <activity
173-->[com.google.android.gms:play-services-base:17.0.0] AndroidManifest.xml:23:9-26:75
174            android:name="com.google.android.gms.common.api.GoogleApiActivity"
174-->[com.google.android.gms:play-services-base:17.0.0] AndroidManifest.xml:24:13-79
175            android:exported="false"
175-->[com.google.android.gms:play-services-base:17.0.0] AndroidManifest.xml:25:13-37
176            android:theme="@android:style/Theme.Translucent.NoTitleBar" />
176-->[com.google.android.gms:play-services-base:17.0.0] AndroidManifest.xml:26:13-72
177
178        <meta-data
178-->[com.google.android.gms:play-services-basement:17.0.0] AndroidManifest.xml:23:9-25:69
179            android:name="com.google.android.gms.version"
179-->[com.google.android.gms:play-services-basement:17.0.0] AndroidManifest.xml:24:13-58
180            android:value="@integer/google_play_services_version" />
180-->[com.google.android.gms:play-services-basement:17.0.0] AndroidManifest.xml:25:13-66
181
182        <service
182-->[com.google.android.datatransport:transport-backend-cct:2.2.0] AndroidManifest.xml:29:9-35:19
183            android:name="com.google.android.datatransport.runtime.backends.TransportBackendDiscovery"
183-->[com.google.android.datatransport:transport-backend-cct:2.2.0] AndroidManifest.xml:30:13-103
184            android:exported="false" >
184-->[com.google.android.datatransport:transport-backend-cct:2.2.0] AndroidManifest.xml:31:13-37
185            <meta-data
185-->[com.google.android.datatransport:transport-backend-cct:2.2.0] AndroidManifest.xml:32:13-34:39
186                android:name="backend:com.google.android.datatransport.cct.CctBackendFactory"
186-->[com.google.android.datatransport:transport-backend-cct:2.2.0] AndroidManifest.xml:33:17-94
187                android:value="cct" />
187-->[com.google.android.datatransport:transport-backend-cct:2.2.0] AndroidManifest.xml:34:17-36
188        </service>
189        <service
189-->[com.google.android.datatransport:transport-runtime:2.2.0] AndroidManifest.xml:26:9-30:19
190            android:name="com.google.android.datatransport.runtime.scheduling.jobscheduling.JobInfoSchedulerService"
190-->[com.google.android.datatransport:transport-runtime:2.2.0] AndroidManifest.xml:27:13-117
191            android:exported="false"
191-->[com.google.android.datatransport:transport-runtime:2.2.0] AndroidManifest.xml:28:13-37
192            android:permission="android.permission.BIND_JOB_SERVICE" >
192-->[com.google.android.datatransport:transport-runtime:2.2.0] AndroidManifest.xml:29:13-69
193        </service>
194
195        <receiver
195-->[com.google.android.datatransport:transport-runtime:2.2.0] AndroidManifest.xml:32:9-34:40
196            android:name="com.google.android.datatransport.runtime.scheduling.jobscheduling.AlarmManagerSchedulerBroadcastReceiver"
196-->[com.google.android.datatransport:transport-runtime:2.2.0] AndroidManifest.xml:33:13-132
197            android:exported="false" />
197-->[com.google.android.datatransport:transport-runtime:2.2.0] AndroidManifest.xml:34:13-37
198    </application>
199
200</manifest>